<?xml version="1.0" encoding="UTF-8"?>
<testng-results ignored="0" total="2" passed="1" failed="1" skipped="0">
  <reporter-output>
  </reporter-output>
  <suite started-at="2023-09-18T22:33:43 UTC" name="Default suite" finished-at="2023-09-18T22:33:45 UTC" duration-ms="2329">
    <groups>
    </groups>
    <test started-at="2023-09-18T22:33:43 UTC" name="Default test" finished-at="2023-09-18T22:33:45 UTC" duration-ms="2329">
      <class name="tests.TestInvalidCredential">
        <test-method is-config="true" signature="setup()[pri:0, instance:tests.TestInvalidCredential@1a482e36]" started-at="2023-09-18T22:33:43 UTC" name="setup" finished-at="2023-09-18T22:33:45 UTC" duration-ms="2165" status="PASS">
          <reporter-output>
          </reporter-output>
        </test-method> <!-- setup -->
        <test-method signature="tester()[pri:0, instance:tests.TestInvalidCredential@1a482e36]" started-at="2023-09-18T22:33:45 UTC" name="tester" finished-at="2023-09-18T22:33:45 UTC" duration-ms="7" status="PASS">
          <reporter-output>
          </reporter-output>
        </test-method> <!-- tester -->
        <test-method signature="invalidEmailValidPassword()[pri:0, instance:tests.TestInvalidCredential@1a482e36]" started-at="2023-09-18T22:33:45 UTC" name="invalidEmailValidPassword" finished-at="2023-09-18T22:33:45 UTC" duration-ms="129" status="FAIL">
          <exception class="java.lang.ClassCastException">
            <message>
              <![CDATA[class org.openqa.selenium.remote.RemoteWebElement cannot be cast to class io.appium.java_client.windows.WindowsElement (org.openqa.selenium.remote.RemoteWebElement and io.appium.java_client.windows.WindowsElement are in unnamed module of loader 'app')]]>
            </message>
            <full-stacktrace>
              <![CDATA[java.lang.ClassCastException: class org.openqa.selenium.remote.RemoteWebElement cannot be cast to class io.appium.java_client.windows.WindowsElement (org.openqa.selenium.remote.RemoteWebElement and io.appium.java_client.windows.WindowsElement are in unnamed module of loader 'app')
at pages.LoginPage.initializeElements(LoginPage.java:18)
at pages.LoginPage.<init>(LoginPage.java:14)
at tests.TestInvalidCredential.invalidEmailValidPassword(TestInvalidCredential.java:12)
at java.base/jdk.internal.reflect.DirectMethodHandleAccessor.invoke(DirectMethodHandleAccessor.java:104)
at java.base/java.lang.reflect.Method.invoke(Method.java:578)
at org.testng.internal.invokers.MethodInvocationHelper.invokeMethod(MethodInvocationHelper.java:139)
at org.testng.internal.invokers.TestInvoker.invokeMethod(TestInvoker.java:677)
at org.testng.internal.invokers.TestInvoker.invokeTestMethod(TestInvoker.java:221)
at org.testng.internal.invokers.MethodRunner.runInSequence(MethodRunner.java:50)
at org.testng.internal.invokers.TestInvoker$MethodInvocationAgent.invoke(TestInvoker.java:969)
at org.testng.internal.invokers.TestInvoker.invokeTestMethods(TestInvoker.java:194)
at org.testng.internal.invokers.TestMethodWorker.invokeTestMethods(TestMethodWorker.java:148)
at org.testng.internal.invokers.TestMethodWorker.run(TestMethodWorker.java:128)
at java.base/java.util.ArrayList.forEach(ArrayList.java:1511)
at org.testng.TestRunner.privateRun(TestRunner.java:829)
at org.testng.TestRunner.run(TestRunner.java:602)
at org.testng.SuiteRunner.runTest(SuiteRunner.java:437)
at org.testng.SuiteRunner.runSequentially(SuiteRunner.java:431)
at org.testng.SuiteRunner.privateRun(SuiteRunner.java:391)
at org.testng.SuiteRunner.run(SuiteRunner.java:330)
at org.testng.SuiteRunnerWorker.runSuite(SuiteRunnerWorker.java:52)
at org.testng.SuiteRunnerWorker.run(SuiteRunnerWorker.java:95)
at org.testng.TestNG.runSuitesSequentially(TestNG.java:1256)
at org.testng.TestNG.runSuitesLocally(TestNG.java:1176)
at org.testng.TestNG.runSuites(TestNG.java:1099)
at org.testng.TestNG.run(TestNG.java:1067)
at org.testng.remote.AbstractRemoteTestNG.run(AbstractRemoteTestNG.java:115)
at org.testng.remote.RemoteTestNG.initAndRun(RemoteTestNG.java:251)
at org.testng.remote.RemoteTestNG.main(RemoteTestNG.java:77)
]]>
            </full-stacktrace>
          </exception> <!-- java.lang.ClassCastException -->
          <reporter-output>
          </reporter-output>
        </test-method> <!-- invalidEmailValidPassword -->
        <test-method is-config="true" signature="teardown()[pri:0, instance:tests.TestInvalidCredential@1a482e36]" started-at="2023-09-18T22:33:45 UTC" name="teardown" finished-at="2023-09-18T22:33:46 UTC" duration-ms="309" status="PASS">
          <reporter-output>
          </reporter-output>
        </test-method> <!-- teardown -->
      </class> <!-- tests.TestInvalidCredential -->
    </test> <!-- Default test -->
  </suite> <!-- Default suite -->
</testng-results>
